<?xml version="1.0" encoding="UTF-8"?>
<!-- Generated by org.testng.reporters.JUnitXMLReporter -->
<testsuite hostname="BLRL0000013672" ignored="0" name="Test" tests="6" failures="2" timestamp="2021-11-23T21:08:31 IST" time="113.513" errors="0">
  <testcase name="GoogleTest" time="17.434" classname="TestNG.Priority_Example"/>
  <testcase name="AmazonTest" time="24.163" classname="TestNG.Priority_Example"/>
  <testcase name="validate_Title" time="17.856" classname="TestNG.Validate_PageTitle">
    <failure type="java.lang.AssertionError" message="expected [ Recruitment - Job Search - Employment -Job Vacancies - Naukri.com] but found [Jobs - Recruitment - Job Search - Employment -Job Vacancies - Naukri.com]">
      <![CDATA[java.lang.AssertionError: expected [ Recruitment - Job Search - Employment -Job Vacancies - Naukri.com] but found [Jobs - Recruitment - Job Search - Employment -Job Vacancies - Naukri.com]
at TestNG.Validate_PageTitle.validate_Title(Validate_PageTitle.java:34)
at java.util.ArrayList.forEach(Unknown Source)
... Removed 33 stack frames]]>
    </failure>
  </testcase> <!-- validate_Title -->
  <testcase name="validate_URL" time="20.638" classname="TestNG.Validate_PageTitle">
    <failure type="java.lang.AssertionError" message="The following asserts failed:
	expected [https://www.google.com/?gws_rd=ssl2335] but found [https://www.google.com/?gws_rd=ssl]">
      <![CDATA[java.lang.AssertionError: The following asserts failed:
expected [https://www.google.com/?gws_rd=ssl2335] but found [https://www.google.com/?gws_rd=ssl]
at TestNG.Validate_PageTitle.validate_URL(Validate_PageTitle.java:65)
at java.util.ArrayList.forEach(Unknown Source)
... Removed 29 stack frames]]>
    </failure>
  </testcase> <!-- validate_URL -->
  <testcase name="GoogleTest" time="6.12" classname="TestNG.Annatotions_Example"/>
  <testcase name="AmazonTest" time="12.452" classname="TestNG.Annatotions_Example"/>
</testsuite> <!-- Test -->
